This file contains any messages produced by compilers while
running configure, to aid debugging if configure makes a mistake.

It was created by zbar configure 0.10, which was
generated by GNU Autoconf 2.69.  Invocation command line was

  $ ./configure --disable-dependency-tracking --without-python --without-qt --disable-video --without-gtk --without-imagemagick --with-x=no CFLAGS=-Wall -Wno-parentheses -D_FORTIFY_SOURCE=0 -O3 -fPIC --no-create --no-recursion

## --------- ##
## Platform. ##
## --------- ##

hostname = fountain
uname -m = x86_64
uname -r = 15.4.0
uname -s = Darwin
uname -v = Darwin Kernel Version 15.4.0: Fri Feb 26 22:08:05 PST 2016; root:xnu-3248.40.184~3/RELEASE_X86_64

/usr/bin/uname -p = i386
/bin/uname -X     = unknown

/bin/arch              = unknown
/usr/bin/arch -k       = unknown
/usr/convex/getsysinfo = unknown
/usr/bin/hostinfo      = Mach kernel version:
	 Darwin Kernel Version 15.4.0: Fri Feb 26 22:08:05 PST 2016; root:xnu-3248.40.184~3/RELEASE_X86_64
Kernel configured for up to 8 processors.
4 processors are physically available.
8 processors are logically available.
Processor type: x86_64h (Intel x86-64h Haswell)
Processors active: 0 1 2 3 4 5 6 7
Primary memory available: 16.00 gigabytes
Default processor set: 470 tasks, 2975 threads, 8 processors
Load average: 3.31, Mach factor: 5.27
/bin/machine           = unknown
/usr/bin/oslevel       = unknown
/bin/universe          = unknown

PATH: /Users/gdb/anaconda3/bin
PATH: /Users/gdb/anaconda3/bin
PATH: /Developer/NVIDIA/CUDA-7.0/bin
PATH: /usr/local/torch/install/bin
PATH: /Users/gdb/.rbenv/shims
PATH: /Users/gdb/.rbenv/bin
PATH: /usr/local/heroku/bin
PATH: /usr/local/share/python
PATH: /Users/gdb/stripe/henson/bin
PATH: /usr/local/bin
PATH: /usr/local/sbin
PATH: /usr/local/Cellar/emacs/24.3/bin
PATH: /Users/gdb/local/bin
PATH: /Users/gdb/bin
PATH: /Users/gdb/stripe/remote-control/bin
PATH: /Users/gdb/stripe/bin
PATH: /Users/gdb/stripe/password-vault/bin
PATH: /Users/gdb/stripe/code-review
PATH: /Users/gdb/stripe/pay-server/scripts/bin
PATH: /usr/lib/ruby/gems/1.8/bin/
PATH: /var/lib/gems/1.8/bin
PATH: /usr/local/bin
PATH: /usr/bin
PATH: /bin
PATH: /usr/sbin
PATH: /sbin
PATH: /opt/X11/bin
PATH: /usr/local/MacGPG2/bin
PATH: /Library/TeX/texbin
PATH: /usr/local/hadoop/bin
PATH: /Users/gdb/stripe/third/hdfsync/bin
PATH: /usr/local/share/npm/bin
PATH: /Users/gdb/go/bin
PATH: /usr/local/opt/go/libexec/bin


## ----------- ##
## Core tests. ##
## ----------- ##

configure:2876: checking for a BSD-compatible install
configure:2944: result: /usr/local/bin/ginstall -c
configure:2955: checking whether build environment is sane
configure:2992: result: yes
configure:3017: checking for a thread-safe mkdir -p
configure:3056: result: /usr/local/bin/gmkdir -p
configure:3069: checking for gawk
configure:3099: result: no
configure:3069: checking for mawk
configure:3099: result: no
configure:3069: checking for nawk
configure:3099: result: no
configure:3069: checking for awk
configure:3085: found /usr/bin/awk
configure:3096: result: awk
configure:3107: checking whether make sets $(MAKE)
configure:3129: result: yes
configure:3344: checking build system type
configure:3358: result: i386-apple-darwin15.4.0
configure:3378: checking host system type
configure:3391: result: i386-apple-darwin15.4.0
configure:3423: checking for style of include used by make
configure:3451: result: GNU
configure:3521: checking for gcc
configure:3537: found /usr/bin/gcc
configure:3548: result: gcc
configure:3777: checking for C compiler version
configure:3786: gcc --version >&5
Apple LLVM version 7.3.0 (clang-703.0.31)
Target: x86_64-apple-darwin15.4.0
Thread model: posix
InstalledDir: /Applications/Xcode.app/Contents/Developer/Toolchains/XcodeDefault.xctoolchain/usr/bin
Configured with: --prefix=/Applications/Xcode.app/Contents/Developer/usr --with-gxx-include-dir=/usr/include/c++/4.2.1
configure:3797: $? = 0
configure:3786: gcc -v >&5
Configured with: --prefix=/Applications/Xcode.app/Contents/Developer/usr --with-gxx-include-dir=/usr/include/c++/4.2.1
Apple LLVM version 7.3.0 (clang-703.0.31)
Target: x86_64-apple-darwin15.4.0
Thread model: posix
InstalledDir: /Applications/Xcode.app/Contents/Developer/Toolchains/XcodeDefault.xctoolchain/usr/bin
configure:3797: $? = 0
configure:3786: gcc -V >&5
clang: error: argument to '-V' is missing (expected 1 value)
clang: error: no input files
configure:3797: $? = 1
configure:3786: gcc -qversion >&5
clang: error: unknown argument: '-qversion'
clang: error: no input files
configure:3797: $? = 1
configure:3817: checking whether the C compiler works
configure:3839: gcc -Wall -Wno-parentheses -D_FORTIFY_SOURCE=0 -O3 -fPIC   conftest.c  >&5
configure:3843: $? = 0
configure:3891: result: yes
configure:3894: checking for C compiler default output file name
configure:3896: result: a.out
configure:3902: checking for suffix of executables
configure:3909: gcc -o conftest -Wall -Wno-parentheses -D_FORTIFY_SOURCE=0 -O3 -fPIC   conftest.c  >&5
configure:3913: $? = 0
configure:3935: result: 
configure:3957: checking whether we are cross compiling
configure:3965: gcc -o conftest -Wall -Wno-parentheses -D_FORTIFY_SOURCE=0 -O3 -fPIC   conftest.c  >&5
configure:3969: $? = 0
configure:3976: ./conftest
configure:3980: $? = 0
configure:3995: result: no
configure:4000: checking for suffix of object files
configure:4022: gcc -c -Wall -Wno-parentheses -D_FORTIFY_SOURCE=0 -O3 -fPIC  conftest.c >&5
configure:4026: $? = 0
configure:4047: result: o
configure:4051: checking whether we are using the GNU C compiler
configure:4070: gcc -c -Wall -Wno-parentheses -D_FORTIFY_SOURCE=0 -O3 -fPIC  conftest.c >&5
configure:4070: $? = 0
configure:4079: result: yes
configure:4088: checking whether gcc accepts -g
configure:4108: gcc -c -g  conftest.c >&5
configure:4108: $? = 0
configure:4149: result: yes
configure:4166: checking for gcc option to accept ISO C89
configure:4229: gcc  -c -Wall -Wno-parentheses -D_FORTIFY_SOURCE=0 -O3 -fPIC  conftest.c >&5
configure:4229: $? = 0
configure:4242: result: none needed
configure:4264: checking dependency style of gcc
configure:4355: result: none
configure:4370: checking for a sed that does not truncate output
configure:4434: result: /usr/bin/sed
configure:4452: checking for grep that handles long lines and -e
configure:4510: result: /usr/bin/grep
configure:4515: checking for egrep
configure:4577: result: /usr/bin/grep -E
configure:4582: checking for fgrep
configure:4644: result: /usr/bin/grep -F
configure:4679: checking for ld used by gcc
configure:4746: result: /Applications/Xcode.app/Contents/Developer/Toolchains/XcodeDefault.xctoolchain/usr/bin/ld
configure:4753: checking if the linker (/Applications/Xcode.app/Contents/Developer/Toolchains/XcodeDefault.xctoolchain/usr/bin/ld) is GNU ld
configure:4768: result: no
configure:4780: checking for BSD- or MS-compatible name lister (nm)
configure:4829: result: /usr/bin/nm -B
configure:4947: checking the name lister (/usr/bin/nm -B) interface
configure:4954: gcc -c -Wall -Wno-parentheses -D_FORTIFY_SOURCE=0 -O3 -fPIC  conftest.c >&5
configure:4957: /usr/bin/nm -B "conftest.o"
configure:4960: output
0000000000000000 S _some_variable
configure:4967: result: BSD nm
configure:4970: checking whether ln -s works
configure:4974: result: yes
configure:4982: checking the maximum length of command line arguments
configure:5102: result: 196608
configure:5119: checking whether the shell understands some XSI constructs
configure:5129: result: yes
configure:5133: checking whether the shell understands "+="
configure:5139: result: yes
configure:5174: checking for /Applications/Xcode.app/Contents/Developer/Toolchains/XcodeDefault.xctoolchain/usr/bin/ld option to reload object files
configure:5181: result: -r
configure:5250: checking for objdump
configure:5280: result: no
configure:5306: checking how to recognize dependent libraries
configure:5502: result: pass_all
configure:5562: checking for ar
configure:5578: found /usr/bin/ar
configure:5589: result: ar
configure:5667: checking for strip
configure:5683: found /Users/gdb/bin/strip
configure:5694: result: strip
configure:5766: checking for ranlib
configure:5782: found /usr/bin/ranlib
configure:5793: result: ranlib
configure:5883: checking command to parse /usr/bin/nm -B output from gcc object
configure:6001: gcc -c -Wall -Wno-parentheses -D_FORTIFY_SOURCE=0 -O3 -fPIC  conftest.c >&5
configure:6004: $? = 0
configure:6008: /usr/bin/nm -B conftest.o \| sed -n -e 's/^.*[	 ]\([BCDEGRST][BCDEGRST]*\)[	 ][	 ]*\([_A-Za-z][_A-Za-z0-9]*\)$/\1 \2 \2/p' \> conftest.nm
configure:6011: $? = 0
cannot find nm_test_var in conftest.nm
configure:6001: gcc -c -Wall -Wno-parentheses -D_FORTIFY_SOURCE=0 -O3 -fPIC  conftest.c >&5
configure:6004: $? = 0
configure:6008: /usr/bin/nm -B conftest.o \| sed -n -e 's/^.*[	 ]\([BCDEGRST][BCDEGRST]*\)[	 ][	 ]*_\([_A-Za-z][_A-Za-z0-9]*\)$/\1 _\2 \2/p' \> conftest.nm
configure:6011: $? = 0
configure:6065: gcc -o conftest -Wall -Wno-parentheses -D_FORTIFY_SOURCE=0 -O3 -fPIC   conftest.c conftstm.o >&5
configure:6068: $? = 0
configure:6106: result: ok
configure:6371: checking for dsymutil
configure:6387: found /usr/bin/dsymutil
configure:6398: result: dsymutil
configure:6463: checking for nmedit
configure:6479: found /usr/bin/nmedit
configure:6490: result: nmedit
configure:6555: checking for lipo
configure:6571: found /usr/bin/lipo
configure:6582: result: lipo
configure:6647: checking for otool
configure:6663: found /usr/bin/otool
configure:6674: result: otool
configure:6739: checking for otool64
configure:6769: result: no
configure:6814: checking for -single_module linker flag
gcc -Wall -Wno-parentheses -D_FORTIFY_SOURCE=0 -O3 -fPIC  -o libconftest.dylib -dynamiclib -Wl,-single_module conftest.c
configure:6841: result: yes
configure:6843: checking for -exported_symbols_list linker flag
configure:6863: gcc -o conftest -Wall -Wno-parentheses -D_FORTIFY_SOURCE=0 -O3 -fPIC   -Wl,-exported_symbols_list,conftest.sym conftest.c  >&5
configure:6863: $? = 0
configure:6873: result: yes
configure:6915: checking how to run the C preprocessor
configure:6946: gcc -E  conftest.c
configure:6946: $? = 0
configure:6960: gcc -E  conftest.c
conftest.c:11:10: fatal error: 'ac_nonexistent.h' file not found
#include <ac_nonexistent.h>
         ^
1 error generated.
configure:6960: $? = 1
configure: failed program was:
| /* confdefs.h */
| #define PACKAGE_NAME "zbar"
| #define PACKAGE_TARNAME "zbar"
| #define PACKAGE_VERSION "0.10"
| #define PACKAGE_STRING "zbar 0.10"
| #define PACKAGE_BUGREPORT "spadix@users.sourceforge.net"
| #define PACKAGE_URL ""
| #define PACKAGE "zbar"
| #define VERSION "0.10"
| /* end confdefs.h.  */
| #include <ac_nonexistent.h>
configure:6985: result: gcc -E
configure:7005: gcc -E  conftest.c
configure:7005: $? = 0
configure:7019: gcc -E  conftest.c
conftest.c:11:10: fatal error: 'ac_nonexistent.h' file not found
#include <ac_nonexistent.h>
         ^
1 error generated.
configure:7019: $? = 1
configure: failed program was:
| /* confdefs.h */
| #define PACKAGE_NAME "zbar"
| #define PACKAGE_TARNAME "zbar"
| #define PACKAGE_VERSION "0.10"
| #define PACKAGE_STRING "zbar 0.10"
| #define PACKAGE_BUGREPORT "spadix@users.sourceforge.net"
| #define PACKAGE_URL ""
| #define PACKAGE "zbar"
| #define VERSION "0.10"
| /* end confdefs.h.  */
| #include <ac_nonexistent.h>
configure:7048: checking for ANSI C header files
configure:7068: gcc -c -Wall -Wno-parentheses -D_FORTIFY_SOURCE=0 -O3 -fPIC  conftest.c >&5
configure:7068: $? = 0
configure:7141: gcc -o conftest -Wall -Wno-parentheses -D_FORTIFY_SOURCE=0 -O3 -fPIC   conftest.c  >&5
configure:7141: $? = 0
configure:7141: ./conftest
configure:7141: $? = 0
configure:7152: result: yes
configure:7165: checking for sys/types.h
configure:7165: gcc -c -Wall -Wno-parentheses -D_FORTIFY_SOURCE=0 -O3 -fPIC  conftest.c >&5
configure:7165: $? = 0
configure:7165: result: yes
configure:7165: checking for sys/stat.h
configure:7165: gcc -c -Wall -Wno-parentheses -D_FORTIFY_SOURCE=0 -O3 -fPIC  conftest.c >&5
configure:7165: $? = 0
configure:7165: result: yes
configure:7165: checking for stdlib.h
configure:7165: gcc -c -Wall -Wno-parentheses -D_FORTIFY_SOURCE=0 -O3 -fPIC  conftest.c >&5
configure:7165: $? = 0
configure:7165: result: yes
configure:7165: checking for string.h
configure:7165: gcc -c -Wall -Wno-parentheses -D_FORTIFY_SOURCE=0 -O3 -fPIC  conftest.c >&5
configure:7165: $? = 0
configure:7165: result: yes
configure:7165: checking for memory.h
configure:7165: gcc -c -Wall -Wno-parentheses -D_FORTIFY_SOURCE=0 -O3 -fPIC  conftest.c >&5
configure:7165: $? = 0
configure:7165: result: yes
configure:7165: checking for strings.h
configure:7165: gcc -c -Wall -Wno-parentheses -D_FORTIFY_SOURCE=0 -O3 -fPIC  conftest.c >&5
configure:7165: $? = 0
configure:7165: result: yes
configure:7165: checking for inttypes.h
configure:7165: gcc -c -Wall -Wno-parentheses -D_FORTIFY_SOURCE=0 -O3 -fPIC  conftest.c >&5
configure:7165: $? = 0
configure:7165: result: yes
configure:7165: checking for stdint.h
configure:7165: gcc -c -Wall -Wno-parentheses -D_FORTIFY_SOURCE=0 -O3 -fPIC  conftest.c >&5
configure:7165: $? = 0
configure:7165: result: yes
configure:7165: checking for unistd.h
configure:7165: gcc -c -Wall -Wno-parentheses -D_FORTIFY_SOURCE=0 -O3 -fPIC  conftest.c >&5
configure:7165: $? = 0
configure:7165: result: yes
configure:7179: checking for dlfcn.h
configure:7179: gcc -c -Wall -Wno-parentheses -D_FORTIFY_SOURCE=0 -O3 -fPIC  conftest.c >&5
configure:7179: $? = 0
configure:7179: result: yes
configure:7660: checking for objdir
configure:7675: result: .libs
configure:7971: checking if gcc supports -fno-rtti -fno-exceptions
configure:7989: gcc -c -Wall -Wno-parentheses -D_FORTIFY_SOURCE=0 -O3 -fPIC  -fno-rtti -fno-exceptions conftest.c >&5
configure:7993: $? = 0
configure:8006: result: yes
configure:8026: checking for gcc option to produce PIC
configure:8298: result: -fno-common -DPIC
configure:8310: checking if gcc PIC flag -fno-common -DPIC works
configure:8328: gcc -c -Wall -Wno-parentheses -D_FORTIFY_SOURCE=0 -O3 -fPIC  -fno-common -DPIC -DPIC conftest.c >&5
configure:8332: $? = 0
configure:8345: result: yes
configure:8369: checking if gcc static flag -static works
configure:8397: result: no
configure:8412: checking if gcc supports -c -o file.o
configure:8433: gcc -c -Wall -Wno-parentheses -D_FORTIFY_SOURCE=0 -O3 -fPIC  -o out/conftest2.o conftest.c >&5
configure:8437: $? = 0
configure:8459: result: yes
configure:8467: checking if gcc supports -c -o file.o
configure:8514: result: yes
configure:8547: checking whether the gcc linker (/Applications/Xcode.app/Contents/Developer/Toolchains/XcodeDefault.xctoolchain/usr/bin/ld) supports shared libraries
configure:9533: result: yes
configure:9772: checking dynamic linker characteristics
configure:10436: result: darwin15.4.0 dyld
configure:10538: checking how to hardcode library paths into programs
configure:10563: result: immediate
configure:10608: checking for dlopen in -ldl
configure:10633: gcc -o conftest -Wall -Wno-parentheses -D_FORTIFY_SOURCE=0 -O3 -fPIC   conftest.c -ldl   >&5
configure:10633: $? = 0
configure:10642: result: yes
configure:10857: checking whether a program can dlopen itself
configure:10927: gcc -o conftest -Wall -Wno-parentheses -D_FORTIFY_SOURCE=0 -O3 -fPIC  -DHAVE_DLFCN_H   conftest.c -ldl  >&5
configure:10908:20: warning: unused variable 'i' [-Wunused-variable]
void fnord() { int i=42;}
                   ^
1 warning generated.
configure:10930: $? = 0
configure:10948: result: yes
configure:10953: checking whether a statically linked program can dlopen itself
configure:11023: gcc -o conftest -Wall -Wno-parentheses -D_FORTIFY_SOURCE=0 -O3 -fPIC  -DHAVE_DLFCN_H    conftest.c -ldl  >&5
configure:11004:20: warning: unused variable 'i' [-Wunused-variable]
void fnord() { int i=42;}
                   ^
1 warning generated.
configure:11026: $? = 0
configure:11044: result: yes
configure:11083: checking whether stripping libraries is possible
configure:11097: result: yes
configure:11123: checking if libtool supports shared libraries
configure:11125: result: yes
configure:11128: checking whether to build shared libraries
configure:11149: result: yes
configure:11152: checking whether to build static libraries
configure:11156: result: yes
configure:11234: checking for windres
configure:11264: result: no
configure:11476: checking for gcc
configure:11503: result: gcc
configure:11732: checking for C compiler version
configure:11741: gcc --version >&5
Apple LLVM version 7.3.0 (clang-703.0.31)
Target: x86_64-apple-darwin15.4.0
Thread model: posix
InstalledDir: /Applications/Xcode.app/Contents/Developer/Toolchains/XcodeDefault.xctoolchain/usr/bin
Configured with: --prefix=/Applications/Xcode.app/Contents/Developer/usr --with-gxx-include-dir=/usr/include/c++/4.2.1
configure:11752: $? = 0
configure:11741: gcc -v >&5
Configured with: --prefix=/Applications/Xcode.app/Contents/Developer/usr --with-gxx-include-dir=/usr/include/c++/4.2.1
Apple LLVM version 7.3.0 (clang-703.0.31)
Target: x86_64-apple-darwin15.4.0
Thread model: posix
InstalledDir: /Applications/Xcode.app/Contents/Developer/Toolchains/XcodeDefault.xctoolchain/usr/bin
configure:11752: $? = 0
configure:11741: gcc -V >&5
clang: error: argument to '-V' is missing (expected 1 value)
clang: error: no input files
configure:11752: $? = 1
configure:11741: gcc -qversion >&5
clang: error: unknown argument: '-qversion'
clang: error: no input files
configure:11752: $? = 1
configure:11756: checking whether we are using the GNU C compiler
configure:11784: result: yes
configure:11793: checking whether gcc accepts -g
configure:11854: result: yes
configure:11871: checking for gcc option to accept ISO C89
configure:11947: result: none needed
configure:11969: checking dependency style of gcc
configure:12060: result: none
configure:12076: checking whether gcc and cc understand -c and -o together
configure:12107: gcc -c conftest.c -o conftest2.o >&5
configure:12111: $? = 0
configure:12117: gcc -c conftest.c -o conftest2.o >&5
configure:12121: $? = 0
configure:12132: cc -c conftest.c >&5
configure:12136: $? = 0
configure:12144: cc -c conftest.c -o conftest2.o >&5
configure:12148: $? = 0
configure:12154: cc -c conftest.c -o conftest2.o >&5
configure:12158: $? = 0
configure:12176: result: yes
configure:12259: checking for g++
configure:12275: found /usr/bin/g++
configure:12286: result: g++
configure:12313: checking for C++ compiler version
configure:12322: g++ --version >&5
Apple LLVM version 7.3.0 (clang-703.0.31)
Target: x86_64-apple-darwin15.4.0
Thread model: posix
InstalledDir: /Applications/Xcode.app/Contents/Developer/Toolchains/XcodeDefault.xctoolchain/usr/bin
Configured with: --prefix=/Applications/Xcode.app/Contents/Developer/usr --with-gxx-include-dir=/usr/include/c++/4.2.1
configure:12333: $? = 0
configure:12322: g++ -v >&5
Configured with: --prefix=/Applications/Xcode.app/Contents/Developer/usr --with-gxx-include-dir=/usr/include/c++/4.2.1
Apple LLVM version 7.3.0 (clang-703.0.31)
Target: x86_64-apple-darwin15.4.0
Thread model: posix
InstalledDir: /Applications/Xcode.app/Contents/Developer/Toolchains/XcodeDefault.xctoolchain/usr/bin
configure:12333: $? = 0
configure:12322: g++ -V >&5
clang: error: argument to '-V' is missing (expected 1 value)
clang: error: no input files
configure:12333: $? = 1
configure:12322: g++ -qversion >&5
clang: error: unknown argument: '-qversion'
clang: error: no input files
configure:12333: $? = 1
configure:12337: checking whether we are using the GNU C++ compiler
configure:12356: g++ -c   conftest.cpp >&5
configure:12356: $? = 0
configure:12365: result: yes
configure:12374: checking whether g++ accepts -g
configure:12394: g++ -c -g  conftest.cpp >&5
configure:12394: $? = 0
configure:12435: result: yes
configure:12460: checking dependency style of g++
configure:12551: result: none
configure:12679: checking for C++ compiler version
configure:12688: g++ --version >&5
Apple LLVM version 7.3.0 (clang-703.0.31)
Target: x86_64-apple-darwin15.4.0
Thread model: posix
InstalledDir: /Applications/Xcode.app/Contents/Developer/Toolchains/XcodeDefault.xctoolchain/usr/bin
Configured with: --prefix=/Applications/Xcode.app/Contents/Developer/usr --with-gxx-include-dir=/usr/include/c++/4.2.1
configure:12699: $? = 0
configure:12688: g++ -v >&5
Configured with: --prefix=/Applications/Xcode.app/Contents/Developer/usr --with-gxx-include-dir=/usr/include/c++/4.2.1
Apple LLVM version 7.3.0 (clang-703.0.31)
Target: x86_64-apple-darwin15.4.0
Thread model: posix
InstalledDir: /Applications/Xcode.app/Contents/Developer/Toolchains/XcodeDefault.xctoolchain/usr/bin
configure:12699: $? = 0
configure:12688: g++ -V >&5
clang: error: argument to '-V' is missing (expected 1 value)
clang: error: no input files
configure:12699: $? = 1
configure:12688: g++ -qversion >&5
clang: error: unknown argument: '-qversion'
clang: error: no input files
configure:12699: $? = 1
configure:12703: checking whether we are using the GNU C++ compiler
configure:12731: result: yes
configure:12740: checking whether g++ accepts -g
configure:12801: result: yes
configure:12826: checking dependency style of g++
configure:12917: result: none
configure:12940: checking how to run the C++ preprocessor
configure:12967: g++ -E  conftest.cpp
configure:12967: $? = 0
configure:12981: g++ -E  conftest.cpp
conftest.cpp:28:10: fatal error: 'ac_nonexistent.h' file not found
#include <ac_nonexistent.h>
         ^
1 error generated.
configure:12981: $? = 1
configure: failed program was:
| /* confdefs.h */
| #define PACKAGE_NAME "zbar"
| #define PACKAGE_TARNAME "zbar"
| #define PACKAGE_VERSION "0.10"
| #define PACKAGE_STRING "zbar 0.10"
| #define PACKAGE_BUGREPORT "spadix@users.sourceforge.net"
| #define PACKAGE_URL ""
| #define PACKAGE "zbar"
| #define VERSION "0.10"
| #define STDC_HEADERS 1
| #define HAVE_SYS_TYPES_H 1
| #define HAVE_SYS_STAT_H 1
| #define HAVE_STDLIB_H 1
| #define HAVE_STRING_H 1
| #define HAVE_MEMORY_H 1
| #define HAVE_STRINGS_H 1
| #define HAVE_INTTYPES_H 1
| #define HAVE_STDINT_H 1
| #define HAVE_UNISTD_H 1
| #define HAVE_DLFCN_H 1
| #define LT_OBJDIR ".libs/"
| #define ZBAR_VERSION_MAJOR 0
| #define ZBAR_VERSION_MINOR 10
| #define LIB_VERSION_MAJOR 0
| #define LIB_VERSION_MINOR 2
| #define LIB_VERSION_REVISION 0
| /* end confdefs.h.  */
| #include <ac_nonexistent.h>
configure:13006: result: g++ -E
configure:13026: g++ -E  conftest.cpp
configure:13026: $? = 0
configure:13040: g++ -E  conftest.cpp
conftest.cpp:28:10: fatal error: 'ac_nonexistent.h' file not found
#include <ac_nonexistent.h>
         ^
1 error generated.
configure:13040: $? = 1
configure: failed program was:
| /* confdefs.h */
| #define PACKAGE_NAME "zbar"
| #define PACKAGE_TARNAME "zbar"
| #define PACKAGE_VERSION "0.10"
| #define PACKAGE_STRING "zbar 0.10"
| #define PACKAGE_BUGREPORT "spadix@users.sourceforge.net"
| #define PACKAGE_URL ""
| #define PACKAGE "zbar"
| #define VERSION "0.10"
| #define STDC_HEADERS 1
| #define HAVE_SYS_TYPES_H 1
| #define HAVE_SYS_STAT_H 1
| #define HAVE_STDLIB_H 1
| #define HAVE_STRING_H 1
| #define HAVE_MEMORY_H 1
| #define HAVE_STRINGS_H 1
| #define HAVE_INTTYPES_H 1
| #define HAVE_STDINT_H 1
| #define HAVE_UNISTD_H 1
| #define HAVE_DLFCN_H 1
| #define LT_OBJDIR ".libs/"
| #define ZBAR_VERSION_MAJOR 0
| #define ZBAR_VERSION_MINOR 10
| #define LIB_VERSION_MAJOR 0
| #define LIB_VERSION_MINOR 2
| #define LIB_VERSION_REVISION 0
| /* end confdefs.h.  */
| #include <ac_nonexistent.h>
configure:13208: checking for ld used by g++
configure:13275: result: /Applications/Xcode.app/Contents/Developer/Toolchains/XcodeDefault.xctoolchain/usr/bin/ld
configure:13282: checking if the linker (/Applications/Xcode.app/Contents/Developer/Toolchains/XcodeDefault.xctoolchain/usr/bin/ld) is GNU ld
configure:13297: result: no
configure:13352: checking whether the g++ linker (/Applications/Xcode.app/Contents/Developer/Toolchains/XcodeDefault.xctoolchain/usr/bin/ld) supports shared libraries
configure:14265: result: yes
configure:14293: g++ -c -g -O2  conftest.cpp >&5
configure:14296: $? = 0
configure:14478: checking for g++ option to produce PIC
configure:14795: result: -fno-common -DPIC
configure:14804: checking if g++ PIC flag -fno-common -DPIC works
configure:14822: g++ -c -g -O2  -fno-common -DPIC -DPIC conftest.cpp >&5
configure:14826: $? = 0
configure:14839: result: yes
configure:14860: checking if g++ static flag -static works
configure:14888: result: no
configure:14900: checking if g++ supports -c -o file.o
configure:14921: g++ -c -g -O2  -o out/conftest2.o conftest.cpp >&5
configure:14925: $? = 0
configure:14947: result: yes
configure:14952: checking if g++ supports -c -o file.o
configure:14999: result: yes
configure:15029: checking whether the g++ linker (/Applications/Xcode.app/Contents/Developer/Toolchains/XcodeDefault.xctoolchain/usr/bin/ld) supports shared libraries
configure:15055: result: yes
configure:15192: checking dynamic linker characteristics
configure:15804: result: darwin15.4.0 dyld
configure:15855: checking how to hardcode library paths into programs
configure:15880: result: immediate
configure:15969: checking for pkg-config
configure:15987: found /usr/local/bin/pkg-config
configure:15999: result: /usr/local/bin/pkg-config
configure:16024: checking pkg-config is at least version 0.9.0
configure:16027: result: yes
configure:16043: checking for xmlto
configure:16073: result: no
configure:16093: checking whether to build EAN symbologies
configure:16114: result: yes
configure:16118: checking whether to build Code 128 symbology
configure:16139: result: yes
configure:16143: checking whether to build Code 39 symbology
configure:16164: result: yes
configure:16168: checking whether to build PDF417 symbology
configure:16189: result: no
configure:16193: checking whether to build Interleaved 2 of 5 symbology
configure:16214: result: yes
configure:16218: checking whether to build QR Code
configure:16239: result: yes
configure:16244: checking for library containing clock_gettime
configure:16275: gcc -o conftest -Wall -Wno-parentheses -D_FORTIFY_SOURCE=0 -O3 -fPIC   conftest.c  >&5
Undefined symbols for architecture x86_64:
  "_clock_gettime", referenced from:
      _main in conftest-451960.o
ld: symbol(s) not found for architecture x86_64
clang: error: linker command failed with exit code 1 (use -v to see invocation)
configure:16275: $? = 1
configure: failed program was:
| /* confdefs.h */
| #define PACKAGE_NAME "zbar"
| #define PACKAGE_TARNAME "zbar"
| #define PACKAGE_VERSION "0.10"
| #define PACKAGE_STRING "zbar 0.10"
| #define PACKAGE_BUGREPORT "spadix@users.sourceforge.net"
| #define PACKAGE_URL ""
| #define PACKAGE "zbar"
| #define VERSION "0.10"
| #define STDC_HEADERS 1
| #define HAVE_SYS_TYPES_H 1
| #define HAVE_SYS_STAT_H 1
| #define HAVE_STDLIB_H 1
| #define HAVE_STRING_H 1
| #define HAVE_MEMORY_H 1
| #define HAVE_STRINGS_H 1
| #define HAVE_INTTYPES_H 1
| #define HAVE_STDINT_H 1
| #define HAVE_UNISTD_H 1
| #define HAVE_DLFCN_H 1
| #define LT_OBJDIR ".libs/"
| #define ZBAR_VERSION_MAJOR 0
| #define ZBAR_VERSION_MINOR 10
| #define LIB_VERSION_MAJOR 0
| #define LIB_VERSION_MINOR 2
| #define LIB_VERSION_REVISION 0
| #define ENABLE_EAN 1
| #define ENABLE_CODE128 1
| #define ENABLE_CODE39 1
| #define ENABLE_I25 1
| #define ENABLE_QRCODE 1
| /* end confdefs.h.  */
| 
| /* Override any GCC internal prototype to avoid an error.
|    Use char because int might match the return type of a GCC
|    builtin and then its argument prototype would still apply.  */
| #ifdef __cplusplus
| extern "C"
| #endif
| char clock_gettime ();
| int
| main ()
| {
| return clock_gettime ();
|   ;
|   return 0;
| }
configure:16275: gcc -o conftest -Wall -Wno-parentheses -D_FORTIFY_SOURCE=0 -O3 -fPIC   conftest.c -lrt   >&5
ld: library not found for -lrt
clang: error: linker command failed with exit code 1 (use -v to see invocation)
configure:16275: $? = 1
configure: failed program was:
| /* confdefs.h */
| #define PACKAGE_NAME "zbar"
| #define PACKAGE_TARNAME "zbar"
| #define PACKAGE_VERSION "0.10"
| #define PACKAGE_STRING "zbar 0.10"
| #define PACKAGE_BUGREPORT "spadix@users.sourceforge.net"
| #define PACKAGE_URL ""
| #define PACKAGE "zbar"
| #define VERSION "0.10"
| #define STDC_HEADERS 1
| #define HAVE_SYS_TYPES_H 1
| #define HAVE_SYS_STAT_H 1
| #define HAVE_STDLIB_H 1
| #define HAVE_STRING_H 1
| #define HAVE_MEMORY_H 1
| #define HAVE_STRINGS_H 1
| #define HAVE_INTTYPES_H 1
| #define HAVE_STDINT_H 1
| #define HAVE_UNISTD_H 1
| #define HAVE_DLFCN_H 1
| #define LT_OBJDIR ".libs/"
| #define ZBAR_VERSION_MAJOR 0
| #define ZBAR_VERSION_MINOR 10
| #define LIB_VERSION_MAJOR 0
| #define LIB_VERSION_MINOR 2
| #define LIB_VERSION_REVISION 0
| #define ENABLE_EAN 1
| #define ENABLE_CODE128 1
| #define ENABLE_CODE39 1
| #define ENABLE_I25 1
| #define ENABLE_QRCODE 1
| /* end confdefs.h.  */
| 
| /* Override any GCC internal prototype to avoid an error.
|    Use char because int might match the return type of a GCC
|    builtin and then its argument prototype would still apply.  */
| #ifdef __cplusplus
| extern "C"
| #endif
| char clock_gettime ();
| int
| main ()
| {
| return clock_gettime ();
|   ;
|   return 0;
| }
configure:16292: result: no
configure:16340: checking for ld used by GCC
configure:16404: result: /Applications/Xcode.app/Contents/Developer/Toolchains/XcodeDefault.xctoolchain/usr/bin/ld
configure:16411: checking if the linker (/Applications/Xcode.app/Contents/Developer/Toolchains/XcodeDefault.xctoolchain/usr/bin/ld) is GNU ld
configure:16424: result: no
configure:16431: checking for shared library run path origin
configure:16444: result: done
configure:16952: checking for iconv
configure:16974: gcc -o conftest -Wall -Wno-parentheses -D_FORTIFY_SOURCE=0 -O3 -fPIC   conftest.c  >&5
Undefined symbols for architecture x86_64:
  "_iconv", referenced from:
      _main in conftest-448bc2.o
  "_iconv_close", referenced from:
      _main in conftest-448bc2.o
  "_iconv_open", referenced from:
      _main in conftest-448bc2.o
ld: symbol(s) not found for architecture x86_64
clang: error: linker command failed with exit code 1 (use -v to see invocation)
configure:16974: $? = 1
configure: failed program was:
| /* confdefs.h */
| #define PACKAGE_NAME "zbar"
| #define PACKAGE_TARNAME "zbar"
| #define PACKAGE_VERSION "0.10"
| #define PACKAGE_STRING "zbar 0.10"
| #define PACKAGE_BUGREPORT "spadix@users.sourceforge.net"
| #define PACKAGE_URL ""
| #define PACKAGE "zbar"
| #define VERSION "0.10"
| #define STDC_HEADERS 1
| #define HAVE_SYS_TYPES_H 1
| #define HAVE_SYS_STAT_H 1
| #define HAVE_STDLIB_H 1
| #define HAVE_STRING_H 1
| #define HAVE_MEMORY_H 1
| #define HAVE_STRINGS_H 1
| #define HAVE_INTTYPES_H 1
| #define HAVE_STDINT_H 1
| #define HAVE_UNISTD_H 1
| #define HAVE_DLFCN_H 1
| #define LT_OBJDIR ".libs/"
| #define ZBAR_VERSION_MAJOR 0
| #define ZBAR_VERSION_MINOR 10
| #define LIB_VERSION_MAJOR 0
| #define LIB_VERSION_MINOR 2
| #define LIB_VERSION_REVISION 0
| #define ENABLE_EAN 1
| #define ENABLE_CODE128 1
| #define ENABLE_CODE39 1
| #define ENABLE_I25 1
| #define ENABLE_QRCODE 1
| /* end confdefs.h.  */
| #include <stdlib.h>
| #include <iconv.h>
| int
| main ()
| {
| iconv_t cd = iconv_open("","");
|        iconv(cd,NULL,NULL,NULL,NULL);
|        iconv_close(cd);
|   ;
|   return 0;
| }
configure:16996: gcc -o conftest -Wall -Wno-parentheses -D_FORTIFY_SOURCE=0 -O3 -fPIC   conftest.c  -liconv >&5
configure:16996: $? = 0
configure:17006: result: yes
configure:17009: checking for working iconv
configure:17085: gcc -o conftest -Wall -Wno-parentheses -D_FORTIFY_SOURCE=0 -O3 -fPIC   conftest.c  -liconv >&5
configure:17085: $? = 0
configure:17085: ./conftest
configure:17085: $? = 0
configure:17097: result: yes
configure:17112: checking how to link with libiconv
configure:17114: result: -liconv
configure:17125: checking for iconv declaration
configure:17154: gcc -c -Wall -Wno-parentheses -D_FORTIFY_SOURCE=0 -O3 -fPIC  conftest.c >&5
configure:17154: $? = 0
configure:17165: result: 
         extern size_t iconv (iconv_t cd, char * *inbuf, size_t *inbytesleft, char * *outbuf, size_t *outbytesleft);
configure:17179: checking poll.h usability
configure:17179: gcc -c -Wall -Wno-parentheses -D_FORTIFY_SOURCE=0 -O3 -fPIC  conftest.c >&5
configure:17179: $? = 0
configure:17179: result: yes
configure:17179: checking poll.h presence
configure:17179: gcc -E  conftest.c
configure:17179: $? = 0
configure:17179: result: yes
configure:17179: checking for poll.h
configure:17179: result: yes
configure:17217: checking pthread.h usability
configure:17217: gcc -c -Wall -Wno-parentheses -D_FORTIFY_SOURCE=0 -O3 -fPIC  conftest.c >&5
configure:17217: $? = 0
configure:17217: result: yes
configure:17217: checking pthread.h presence
configure:17217: gcc -E  conftest.c
configure:17217: $? = 0
configure:17217: result: yes
configure:17217: checking for pthread.h
configure:17217: result: yes
configure:17233: checking for pthread_create in -lpthread
configure:17258: gcc -o conftest -Wall -Wno-parentheses -D_FORTIFY_SOURCE=0 -O3 -fPIC   conftest.c -lpthread   >&5
configure:17258: $? = 0
configure:17267: result: yes
configure:17385: checking for X
configure:17563: result: disabled
configure:18097: checking for X11/extensions/XShm.h
configure:18097: gcc -c -Wall -Wno-parentheses -D_FORTIFY_SOURCE=0 -O3 -fPIC  conftest.c >&5
conftest.c:40:10: fatal error: 'X11/Xlib.h' file not found
#include <X11/Xlib.h>
         ^
1 error generated.
configure:18097: $? = 1
configure: failed program was:
| /* confdefs.h */
| #define PACKAGE_NAME "zbar"
| #define PACKAGE_TARNAME "zbar"
| #define PACKAGE_VERSION "0.10"
| #define PACKAGE_STRING "zbar 0.10"
| #define PACKAGE_BUGREPORT "spadix@users.sourceforge.net"
| #define PACKAGE_URL ""
| #define PACKAGE "zbar"
| #define VERSION "0.10"
| #define STDC_HEADERS 1
| #define HAVE_SYS_TYPES_H 1
| #define HAVE_SYS_STAT_H 1
| #define HAVE_STDLIB_H 1
| #define HAVE_STRING_H 1
| #define HAVE_MEMORY_H 1
| #define HAVE_STRINGS_H 1
| #define HAVE_INTTYPES_H 1
| #define HAVE_STDINT_H 1
| #define HAVE_UNISTD_H 1
| #define HAVE_DLFCN_H 1
| #define LT_OBJDIR ".libs/"
| #define ZBAR_VERSION_MAJOR 0
| #define ZBAR_VERSION_MINOR 10
| #define LIB_VERSION_MAJOR 0
| #define LIB_VERSION_MINOR 2
| #define LIB_VERSION_REVISION 0
| #define ENABLE_EAN 1
| #define ENABLE_CODE128 1
| #define ENABLE_CODE39 1
| #define ENABLE_I25 1
| #define ENABLE_QRCODE 1
| #define HAVE_ICONV 1
| #define ICONV_CONST 
| #define HAVE_POLL_H 1
| #define HAVE_PTHREAD_H 1
| #define HAVE_LIBPTHREAD 1
| #define __USE_UNIX98 1
| #define X_DISPLAY_MISSING 1
| /* end confdefs.h.  */
| #include <X11/Xlib.h>
| #include <sys/ipc.h>
| #include <sys/shm.h>
| 
| 
| #include <X11/extensions/XShm.h>
configure:18097: result: no
configure:18198: checking for X11/extensions/Xvlib.h
configure:18198: gcc -c -Wall -Wno-parentheses -D_FORTIFY_SOURCE=0 -O3 -fPIC  conftest.c >&5
conftest.c:40:10: fatal error: 'X11/Xlib.h' file not found
#include <X11/Xlib.h>
         ^
1 error generated.
configure:18198: $? = 1
configure: failed program was:
| /* confdefs.h */
| #define PACKAGE_NAME "zbar"
| #define PACKAGE_TARNAME "zbar"
| #define PACKAGE_VERSION "0.10"
| #define PACKAGE_STRING "zbar 0.10"
| #define PACKAGE_BUGREPORT "spadix@users.sourceforge.net"
| #define PACKAGE_URL ""
| #define PACKAGE "zbar"
| #define VERSION "0.10"
| #define STDC_HEADERS 1
| #define HAVE_SYS_TYPES_H 1
| #define HAVE_SYS_STAT_H 1
| #define HAVE_STDLIB_H 1
| #define HAVE_STRING_H 1
| #define HAVE_MEMORY_H 1
| #define HAVE_STRINGS_H 1
| #define HAVE_INTTYPES_H 1
| #define HAVE_STDINT_H 1
| #define HAVE_UNISTD_H 1
| #define HAVE_DLFCN_H 1
| #define LT_OBJDIR ".libs/"
| #define ZBAR_VERSION_MAJOR 0
| #define ZBAR_VERSION_MINOR 10
| #define LIB_VERSION_MAJOR 0
| #define LIB_VERSION_MINOR 2
| #define LIB_VERSION_REVISION 0
| #define ENABLE_EAN 1
| #define ENABLE_CODE128 1
| #define ENABLE_CODE39 1
| #define ENABLE_I25 1
| #define ENABLE_QRCODE 1
| #define HAVE_ICONV 1
| #define ICONV_CONST 
| #define HAVE_POLL_H 1
| #define HAVE_PTHREAD_H 1
| #define HAVE_LIBPTHREAD 1
| #define __USE_UNIX98 1
| #define X_DISPLAY_MISSING 1
| /* end confdefs.h.  */
| #include <X11/Xlib.h>
| 
| 
| #include <X11/extensions/Xvlib.h>
configure:18198: result: no
configure:18294: checking jpeglib.h usability
configure:18294: gcc -c -Wall -Wno-parentheses -D_FORTIFY_SOURCE=0 -O3 -fPIC  conftest.c >&5
configure:18294: $? = 0
configure:18294: result: yes
configure:18294: checking jpeglib.h presence
configure:18294: gcc -E  conftest.c
configure:18294: $? = 0
configure:18294: result: yes
configure:18294: checking for jpeglib.h
configure:18294: result: yes
configure:18306: checking jerror.h usability
configure:18306: gcc -c -Wall -Wno-parentheses -D_FORTIFY_SOURCE=0 -O3 -fPIC  conftest.c >&5
configure:18306: $? = 0
configure:18306: result: yes
configure:18306: checking jerror.h presence
configure:18306: gcc -E  conftest.c
configure:18306: $? = 0
configure:18306: result: yes
configure:18306: checking for jerror.h
configure:18306: result: yes
configure:18314: checking for jpeg_read_header in -ljpeg
configure:18339: gcc -o conftest -Wall -Wno-parentheses -D_FORTIFY_SOURCE=0 -O3 -fPIC   conftest.c -ljpeg  -lpthread  >&5
configure:18339: $? = 0
configure:18348: result: yes
configure:19392: checking whether to enable assertions
configure:19410: result: yes
configure:19417: checking fcntl.h usability
configure:19417: gcc -c -Wall -Wno-parentheses -D_FORTIFY_SOURCE=0 -O3 -fPIC  conftest.c >&5
configure:19417: $? = 0
configure:19417: result: yes
configure:19417: checking fcntl.h presence
configure:19417: gcc -E  conftest.c
configure:19417: $? = 0
configure:19417: result: yes
configure:19417: checking for fcntl.h
configure:19417: result: yes
configure:19417: checking features.h usability
configure:19417: gcc -c -Wall -Wno-parentheses -D_FORTIFY_SOURCE=0 -O3 -fPIC  conftest.c >&5
conftest.c:76:10: fatal error: 'features.h' file not found
#include <features.h>
         ^
1 error generated.
configure:19417: $? = 1
configure: failed program was:
| /* confdefs.h */
| #define PACKAGE_NAME "zbar"
| #define PACKAGE_TARNAME "zbar"
| #define PACKAGE_VERSION "0.10"
| #define PACKAGE_STRING "zbar 0.10"
| #define PACKAGE_BUGREPORT "spadix@users.sourceforge.net"
| #define PACKAGE_URL ""
| #define PACKAGE "zbar"
| #define VERSION "0.10"
| #define STDC_HEADERS 1
| #define HAVE_SYS_TYPES_H 1
| #define HAVE_SYS_STAT_H 1
| #define HAVE_STDLIB_H 1
| #define HAVE_STRING_H 1
| #define HAVE_MEMORY_H 1
| #define HAVE_STRINGS_H 1
| #define HAVE_INTTYPES_H 1
| #define HAVE_STDINT_H 1
| #define HAVE_UNISTD_H 1
| #define HAVE_DLFCN_H 1
| #define LT_OBJDIR ".libs/"
| #define ZBAR_VERSION_MAJOR 0
| #define ZBAR_VERSION_MINOR 10
| #define LIB_VERSION_MAJOR 0
| #define LIB_VERSION_MINOR 2
| #define LIB_VERSION_REVISION 0
| #define ENABLE_EAN 1
| #define ENABLE_CODE128 1
| #define ENABLE_CODE39 1
| #define ENABLE_I25 1
| #define ENABLE_QRCODE 1
| #define HAVE_ICONV 1
| #define ICONV_CONST 
| #define HAVE_POLL_H 1
| #define HAVE_PTHREAD_H 1
| #define HAVE_LIBPTHREAD 1
| #define __USE_UNIX98 1
| #define X_DISPLAY_MISSING 1
| #define HAVE_JPEGLIB_H 1
| #define HAVE_LIBJPEG 1
| #define HAVE_FCNTL_H 1
| /* end confdefs.h.  */
| #include <stdio.h>
| #ifdef HAVE_SYS_TYPES_H
| # include <sys/types.h>
| #endif
| #ifdef HAVE_SYS_STAT_H
| # include <sys/stat.h>
| #endif
| #ifdef STDC_HEADERS
| # include <stdlib.h>
| # include <stddef.h>
| #else
| # ifdef HAVE_STDLIB_H
| #  include <stdlib.h>
| # endif
| #endif
| #ifdef HAVE_STRING_H
| # if !defined STDC_HEADERS && defined HAVE_MEMORY_H
| #  include <memory.h>
| # endif
| # include <string.h>
| #endif
| #ifdef HAVE_STRINGS_H
| # include <strings.h>
| #endif
| #ifdef HAVE_INTTYPES_H
| # include <inttypes.h>
| #endif
| #ifdef HAVE_STDINT_H
| # include <stdint.h>
| #endif
| #ifdef HAVE_UNISTD_H
| # include <unistd.h>
| #endif
| #include <features.h>
configure:19417: result: no
configure:19417: checking features.h presence
configure:19417: gcc -E  conftest.c
conftest.c:43:10: fatal error: 'features.h' file not found
#include <features.h>
         ^
1 error generated.
configure:19417: $? = 1
configure: failed program was:
| /* confdefs.h */
| #define PACKAGE_NAME "zbar"
| #define PACKAGE_TARNAME "zbar"
| #define PACKAGE_VERSION "0.10"
| #define PACKAGE_STRING "zbar 0.10"
| #define PACKAGE_BUGREPORT "spadix@users.sourceforge.net"
| #define PACKAGE_URL ""
| #define PACKAGE "zbar"
| #define VERSION "0.10"
| #define STDC_HEADERS 1
| #define HAVE_SYS_TYPES_H 1
| #define HAVE_SYS_STAT_H 1
| #define HAVE_STDLIB_H 1
| #define HAVE_STRING_H 1
| #define HAVE_MEMORY_H 1
| #define HAVE_STRINGS_H 1
| #define HAVE_INTTYPES_H 1
| #define HAVE_STDINT_H 1
| #define HAVE_UNISTD_H 1
| #define HAVE_DLFCN_H 1
| #define LT_OBJDIR ".libs/"
| #define ZBAR_VERSION_MAJOR 0
| #define ZBAR_VERSION_MINOR 10
| #define LIB_VERSION_MAJOR 0
| #define LIB_VERSION_MINOR 2
| #define LIB_VERSION_REVISION 0
| #define ENABLE_EAN 1
| #define ENABLE_CODE128 1
| #define ENABLE_CODE39 1
| #define ENABLE_I25 1
| #define ENABLE_QRCODE 1
| #define HAVE_ICONV 1
| #define ICONV_CONST 
| #define HAVE_POLL_H 1
| #define HAVE_PTHREAD_H 1
| #define HAVE_LIBPTHREAD 1
| #define __USE_UNIX98 1
| #define X_DISPLAY_MISSING 1
| #define HAVE_JPEGLIB_H 1
| #define HAVE_LIBJPEG 1
| #define HAVE_FCNTL_H 1
| /* end confdefs.h.  */
| #include <features.h>
configure:19417: result: no
configure:19417: checking for features.h
configure:19417: result: no
configure:19417: checking for inttypes.h
configure:19417: result: yes
configure:19417: checking for stdlib.h
configure:19417: result: yes
configure:19417: checking for string.h
configure:19417: result: yes
configure:19417: checking for unistd.h
configure:19417: result: yes
configure:19417: checking sys/ioctl.h usability
configure:19417: gcc -c -Wall -Wno-parentheses -D_FORTIFY_SOURCE=0 -O3 -fPIC  conftest.c >&5
configure:19417: $? = 0
configure:19417: result: yes
configure:19417: checking sys/ioctl.h presence
configure:19417: gcc -E  conftest.c
configure:19417: $? = 0
configure:19417: result: yes
configure:19417: checking for sys/ioctl.h
configure:19417: result: yes
configure:19417: checking sys/time.h usability
configure:19417: gcc -c -Wall -Wno-parentheses -D_FORTIFY_SOURCE=0 -O3 -fPIC  conftest.c >&5
configure:19417: $? = 0
configure:19417: result: yes
configure:19417: checking sys/time.h presence
configure:19417: gcc -E  conftest.c
configure:19417: $? = 0
configure:19417: result: yes
configure:19417: checking for sys/time.h
configure:19417: result: yes
configure:19417: checking sys/times.h usability
configure:19417: gcc -c -Wall -Wno-parentheses -D_FORTIFY_SOURCE=0 -O3 -fPIC  conftest.c >&5
configure:19417: $? = 0
configure:19417: result: yes
configure:19417: checking sys/times.h presence
configure:19417: gcc -E  conftest.c
configure:19417: $? = 0
configure:19417: result: yes
configure:19417: checking for sys/times.h
configure:19417: result: yes
configure:19417: checking sys/ipc.h usability
configure:19417: gcc -c -Wall -Wno-parentheses -D_FORTIFY_SOURCE=0 -O3 -fPIC  conftest.c >&5
configure:19417: $? = 0
configure:19417: result: yes
configure:19417: checking sys/ipc.h presence
configure:19417: gcc -E  conftest.c
configure:19417: $? = 0
configure:19417: result: yes
configure:19417: checking for sys/ipc.h
configure:19417: result: yes
configure:19417: checking sys/shm.h usability
configure:19417: gcc -c -Wall -Wno-parentheses -D_FORTIFY_SOURCE=0 -O3 -fPIC  conftest.c >&5
configure:19417: $? = 0
configure:19417: result: yes
configure:19417: checking sys/shm.h presence
configure:19417: gcc -E  conftest.c
configure:19417: $? = 0
configure:19417: result: yes
configure:19417: checking for sys/shm.h
configure:19417: result: yes
configure:19417: checking sys/mman.h usability
configure:19417: gcc -c -Wall -Wno-parentheses -D_FORTIFY_SOURCE=0 -O3 -fPIC  conftest.c >&5
configure:19417: $? = 0
configure:19417: result: yes
configure:19417: checking sys/mman.h presence
configure:19417: gcc -E  conftest.c
configure:19417: $? = 0
configure:19417: result: yes
configure:19417: checking for sys/mman.h
configure:19417: result: yes
configure:19429: checking for int32_t
configure:19429: gcc -c -Wall -Wno-parentheses -D_FORTIFY_SOURCE=0 -O3 -fPIC  conftest.c >&5
configure:19429: $? = 0
configure:19429: gcc -c -Wall -Wno-parentheses -D_FORTIFY_SOURCE=0 -O3 -fPIC  conftest.c >&5
conftest.c:90:24: error: 'test_array' declared as an array with a negative size
static int test_array [1 - 2 * !((int32_t) (((((int32_t) 1 << N) << N) - 1) * 2 + 1)
                       ^~~~~~~~~~~~~~~~~~~~~~~~~~~~~~~~~~~~~~~~~~~~~~~~~~~~~~~~~~~~~
1 error generated.
configure:19429: $? = 1
configure: failed program was:
| /* confdefs.h */
| #define PACKAGE_NAME "zbar"
| #define PACKAGE_TARNAME "zbar"
| #define PACKAGE_VERSION "0.10"
| #define PACKAGE_STRING "zbar 0.10"
| #define PACKAGE_BUGREPORT "spadix@users.sourceforge.net"
| #define PACKAGE_URL ""
| #define PACKAGE "zbar"
| #define VERSION "0.10"
| #define STDC_HEADERS 1
| #define HAVE_SYS_TYPES_H 1
| #define HAVE_SYS_STAT_H 1
| #define HAVE_STDLIB_H 1
| #define HAVE_STRING_H 1
| #define HAVE_MEMORY_H 1
| #define HAVE_STRINGS_H 1
| #define HAVE_INTTYPES_H 1
| #define HAVE_STDINT_H 1
| #define HAVE_UNISTD_H 1
| #define HAVE_DLFCN_H 1
| #define LT_OBJDIR ".libs/"
| #define ZBAR_VERSION_MAJOR 0
| #define ZBAR_VERSION_MINOR 10
| #define LIB_VERSION_MAJOR 0
| #define LIB_VERSION_MINOR 2
| #define LIB_VERSION_REVISION 0
| #define ENABLE_EAN 1
| #define ENABLE_CODE128 1
| #define ENABLE_CODE39 1
| #define ENABLE_I25 1
| #define ENABLE_QRCODE 1
| #define HAVE_ICONV 1
| #define ICONV_CONST 
| #define HAVE_POLL_H 1
| #define HAVE_PTHREAD_H 1
| #define HAVE_LIBPTHREAD 1
| #define __USE_UNIX98 1
| #define X_DISPLAY_MISSING 1
| #define HAVE_JPEGLIB_H 1
| #define HAVE_LIBJPEG 1
| #define HAVE_FCNTL_H 1
| #define HAVE_INTTYPES_H 1
| #define HAVE_STDLIB_H 1
| #define HAVE_STRING_H 1
| #define HAVE_UNISTD_H 1
| #define HAVE_SYS_IOCTL_H 1
| #define HAVE_SYS_TIME_H 1
| #define HAVE_SYS_TIMES_H 1
| #define HAVE_SYS_IPC_H 1
| #define HAVE_SYS_SHM_H 1
| #define HAVE_SYS_MMAN_H 1
| /* end confdefs.h.  */
| #include <stdio.h>
| #ifdef HAVE_SYS_TYPES_H
| # include <sys/types.h>
| #endif
| #ifdef HAVE_SYS_STAT_H
| # include <sys/stat.h>
| #endif
| #ifdef STDC_HEADERS
| # include <stdlib.h>
| # include <stddef.h>
| #else
| # ifdef HAVE_STDLIB_H
| #  include <stdlib.h>
| # endif
| #endif
| #ifdef HAVE_STRING_H
| # if !defined STDC_HEADERS && defined HAVE_MEMORY_H
| #  include <memory.h>
| # endif
| # include <string.h>
| #endif
| #ifdef HAVE_STRINGS_H
| # include <strings.h>
| #endif
| #ifdef HAVE_INTTYPES_H
| # include <inttypes.h>
| #endif
| #ifdef HAVE_STDINT_H
| # include <stdint.h>
| #endif
| #ifdef HAVE_UNISTD_H
| # include <unistd.h>
| #endif
| 	        enum { N = 32 / 2 - 1 };
| int
| main ()
| {
| static int test_array [1 - 2 * !((int32_t) (((((int32_t) 1 << N) << N) - 1) * 2 + 1)
| 		 < (int32_t) (((((int32_t) 1 << N) << N) - 1) * 2 + 2))];
| test_array [0] = 0;
| return test_array [0];
| 
|   ;
|   return 0;
| }
configure:19429: result: yes
configure:19440: checking for uint32_t
configure:19440: gcc -c -Wall -Wno-parentheses -D_FORTIFY_SOURCE=0 -O3 -fPIC  conftest.c >&5
configure:19440: $? = 0
configure:19440: result: yes
configure:19454: checking for uint8_t
configure:19454: gcc -c -Wall -Wno-parentheses -D_FORTIFY_SOURCE=0 -O3 -fPIC  conftest.c >&5
configure:19454: $? = 0
configure:19454: result: yes
configure:19469: checking for uintptr_t
configure:19469: gcc -c -Wall -Wno-parentheses -D_FORTIFY_SOURCE=0 -O3 -fPIC  conftest.c >&5
configure:19469: $? = 0
configure:19469: gcc -c -Wall -Wno-parentheses -D_FORTIFY_SOURCE=0 -O3 -fPIC  conftest.c >&5
conftest.c:89:24: error: expected expression
if (sizeof ((uintptr_t)))
                       ^
1 error generated.
configure:19469: $? = 1
configure: failed program was:
| /* confdefs.h */
| #define PACKAGE_NAME "zbar"
| #define PACKAGE_TARNAME "zbar"
| #define PACKAGE_VERSION "0.10"
| #define PACKAGE_STRING "zbar 0.10"
| #define PACKAGE_BUGREPORT "spadix@users.sourceforge.net"
| #define PACKAGE_URL ""
| #define PACKAGE "zbar"
| #define VERSION "0.10"
| #define STDC_HEADERS 1
| #define HAVE_SYS_TYPES_H 1
| #define HAVE_SYS_STAT_H 1
| #define HAVE_STDLIB_H 1
| #define HAVE_STRING_H 1
| #define HAVE_MEMORY_H 1
| #define HAVE_STRINGS_H 1
| #define HAVE_INTTYPES_H 1
| #define HAVE_STDINT_H 1
| #define HAVE_UNISTD_H 1
| #define HAVE_DLFCN_H 1
| #define LT_OBJDIR ".libs/"
| #define ZBAR_VERSION_MAJOR 0
| #define ZBAR_VERSION_MINOR 10
| #define LIB_VERSION_MAJOR 0
| #define LIB_VERSION_MINOR 2
| #define LIB_VERSION_REVISION 0
| #define ENABLE_EAN 1
| #define ENABLE_CODE128 1
| #define ENABLE_CODE39 1
| #define ENABLE_I25 1
| #define ENABLE_QRCODE 1
| #define HAVE_ICONV 1
| #define ICONV_CONST 
| #define HAVE_POLL_H 1
| #define HAVE_PTHREAD_H 1
| #define HAVE_LIBPTHREAD 1
| #define __USE_UNIX98 1
| #define X_DISPLAY_MISSING 1
| #define HAVE_JPEGLIB_H 1
| #define HAVE_LIBJPEG 1
| #define HAVE_FCNTL_H 1
| #define HAVE_INTTYPES_H 1
| #define HAVE_STDLIB_H 1
| #define HAVE_STRING_H 1
| #define HAVE_UNISTD_H 1
| #define HAVE_SYS_IOCTL_H 1
| #define HAVE_SYS_TIME_H 1
| #define HAVE_SYS_TIMES_H 1
| #define HAVE_SYS_IPC_H 1
| #define HAVE_SYS_SHM_H 1
| #define HAVE_SYS_MMAN_H 1
| /* end confdefs.h.  */
| #include <stdio.h>
| #ifdef HAVE_SYS_TYPES_H
| # include <sys/types.h>
| #endif
| #ifdef HAVE_SYS_STAT_H
| # include <sys/stat.h>
| #endif
| #ifdef STDC_HEADERS
| # include <stdlib.h>
| # include <stddef.h>
| #else
| # ifdef HAVE_STDLIB_H
| #  include <stdlib.h>
| # endif
| #endif
| #ifdef HAVE_STRING_H
| # if !defined STDC_HEADERS && defined HAVE_MEMORY_H
| #  include <memory.h>
| # endif
| # include <string.h>
| #endif
| #ifdef HAVE_STRINGS_H
| # include <strings.h>
| #endif
| #ifdef HAVE_INTTYPES_H
| # include <inttypes.h>
| #endif
| #ifdef HAVE_STDINT_H
| # include <stdint.h>
| #endif
| #ifdef HAVE_UNISTD_H
| # include <unistd.h>
| #endif
| int
| main ()
| {
| if (sizeof ((uintptr_t)))
| 	    return 0;
|   ;
|   return 0;
| }
configure:19469: result: yes
configure:19507: checking for an ANSI C-conforming const
configure:19573: gcc -c -Wall -Wno-parentheses -D_FORTIFY_SOURCE=0 -O3 -fPIC  conftest.c >&5
configure:19573: $? = 0
configure:19580: result: yes
configure:19588: checking for inline
configure:19604: gcc -c -Wall -Wno-parentheses -D_FORTIFY_SOURCE=0 -O3 -fPIC  conftest.c >&5
conftest.c:56:21: warning: unused function 'static_foo' [-Wunused-function]
static inline foo_t static_foo () {return 0; }
                    ^
1 warning generated.
configure:19604: $? = 0
configure:19612: result: inline
configure:19638: checking for stdlib.h
configure:19638: result: yes
configure:19638: checking for unistd.h
configure:19638: result: yes
configure:19638: checking for sys/param.h
configure:19638: gcc -c -Wall -Wno-parentheses -D_FORTIFY_SOURCE=0 -O3 -fPIC  conftest.c >&5
configure:19638: $? = 0
configure:19638: result: yes
configure:19658: checking for getpagesize
configure:19658: gcc -o conftest -Wall -Wno-parentheses -D_FORTIFY_SOURCE=0 -O3 -fPIC   conftest.c -ljpeg -lpthread  >&5
configure:19658: $? = 0
configure:19658: result: yes
configure:19667: checking for working mmap
configure:19814: gcc -o conftest -Wall -Wno-parentheses -D_FORTIFY_SOURCE=0 -O3 -fPIC   conftest.c -ljpeg -lpthread  >&5
configure:19814: $? = 0
configure:19814: ./conftest
configure:19814: $? = 0
configure:19824: result: yes
configure:19836: checking for memset
configure:19836: gcc -o conftest -Wall -Wno-parentheses -D_FORTIFY_SOURCE=0 -O3 -fPIC   conftest.c -ljpeg -lpthread  >&5
conftest.c:82:6: warning: incompatible redeclaration of library function 'memset' [-Wincompatible-library-redeclaration]
char memset ();
     ^
conftest.c:82:6: note: 'memset' is a builtin with type 'void *(void *, int, unsigned long)'
1 warning generated.
configure:19836: $? = 0
configure:19836: result: yes
configure:19836: checking for atexit
configure:19836: gcc -o conftest -Wall -Wno-parentheses -D_FORTIFY_SOURCE=0 -O3 -fPIC   conftest.c -ljpeg -lpthread  >&5
configure:19836: $? = 0
configure:19836: result: yes
configure:19836: checking for setenv
configure:19836: gcc -o conftest -Wall -Wno-parentheses -D_FORTIFY_SOURCE=0 -O3 -fPIC   conftest.c -ljpeg -lpthread  >&5
configure:19836: $? = 0
configure:19836: result: yes
configure:20068: creating ./config.status

## ---------------- ##
## Cache variables. ##
## ---------------- ##

ac_cv_build=i386-apple-darwin15.4.0
ac_cv_c_compiler_gnu=yes
ac_cv_c_const=yes
ac_cv_c_inline=inline
ac_cv_c_int32_t=yes
ac_cv_c_uint32_t=yes
ac_cv_c_uint8_t=yes
ac_cv_cxx_compiler_gnu=yes
ac_cv_env_CCC_set=
ac_cv_env_CCC_value=
ac_cv_env_CC_set=
ac_cv_env_CC_value=
ac_cv_env_CFLAGS_set=set
ac_cv_env_CFLAGS_value='-Wall -Wno-parentheses -D_FORTIFY_SOURCE=0 -O3 -fPIC'
ac_cv_env_CPPFLAGS_set=
ac_cv_env_CPPFLAGS_value=
ac_cv_env_CPP_set=
ac_cv_env_CPP_value=
ac_cv_env_CXXCPP_set=
ac_cv_env_CXXCPP_value=
ac_cv_env_CXXFLAGS_set=
ac_cv_env_CXXFLAGS_value=
ac_cv_env_CXX_set=
ac_cv_env_CXX_value=
ac_cv_env_GLIB_GENMARSHAL_set=
ac_cv_env_GLIB_GENMARSHAL_value=
ac_cv_env_GTK_CFLAGS_set=
ac_cv_env_GTK_CFLAGS_value=
ac_cv_env_GTK_LIBS_set=
ac_cv_env_GTK_LIBS_value=
ac_cv_env_LDFLAGS_set=
ac_cv_env_LDFLAGS_value=
ac_cv_env_LIBS_set=
ac_cv_env_LIBS_value=
ac_cv_env_MAGICK_CFLAGS_set=
ac_cv_env_MAGICK_CFLAGS_value=
ac_cv_env_MAGICK_LIBS_set=
ac_cv_env_MAGICK_LIBS_value=
ac_cv_env_MOC_set=
ac_cv_env_MOC_value=
ac_cv_env_NPAPI_CFLAGS_set=
ac_cv_env_NPAPI_CFLAGS_value=
ac_cv_env_NPAPI_LIBS_set=
ac_cv_env_NPAPI_LIBS_value=
ac_cv_env_PKG_CONFIG_set=
ac_cv_env_PKG_CONFIG_value=
ac_cv_env_PYGTK_CFLAGS_set=
ac_cv_env_PYGTK_CFLAGS_value=
ac_cv_env_PYGTK_CODEGEN_set=
ac_cv_env_PYGTK_CODEGEN_value=
ac_cv_env_PYGTK_DEFS_set=
ac_cv_env_PYGTK_DEFS_value=
ac_cv_env_PYGTK_H2DEF_set=
ac_cv_env_PYGTK_H2DEF_value=
ac_cv_env_PYGTK_LIBS_set=
ac_cv_env_PYGTK_LIBS_value=
ac_cv_env_PYTHON_CFLAGS_set=
ac_cv_env_PYTHON_CFLAGS_value=
ac_cv_env_PYTHON_CONFIG_set=
ac_cv_env_PYTHON_CONFIG_value=
ac_cv_env_PYTHON_LIBS_set=
ac_cv_env_PYTHON_LIBS_value=
ac_cv_env_QT_CFLAGS_set=
ac_cv_env_QT_CFLAGS_value=
ac_cv_env_QT_LIBS_set=
ac_cv_env_QT_LIBS_value=
ac_cv_env_XMKMF_set=
ac_cv_env_XMKMF_value=
ac_cv_env_XMLTOFLAGS_set=
ac_cv_env_XMLTOFLAGS_value=
ac_cv_env_XMLTO_set=
ac_cv_env_XMLTO_value=
ac_cv_env_XSHM_LIBS_set=
ac_cv_env_XSHM_LIBS_value=
ac_cv_env_XV_LIBS_set=
ac_cv_env_XV_LIBS_value=
ac_cv_env_build_alias_set=
ac_cv_env_build_alias_value=
ac_cv_env_host_alias_set=
ac_cv_env_host_alias_value=
ac_cv_env_target_alias_set=
ac_cv_env_target_alias_value=
ac_cv_func_atexit=yes
ac_cv_func_getpagesize=yes
ac_cv_func_memset=yes
ac_cv_func_mmap_fixed_mapped=yes
ac_cv_func_setenv=yes
ac_cv_header_X11_extensions_XShm_h=no
ac_cv_header_X11_extensions_Xvlib_h=no
ac_cv_header_dlfcn_h=yes
ac_cv_header_fcntl_h=yes
ac_cv_header_features_h=no
ac_cv_header_inttypes_h=yes
ac_cv_header_jerror_h=yes
ac_cv_header_jpeglib_h=yes
ac_cv_header_memory_h=yes
ac_cv_header_poll_h=yes
ac_cv_header_pthread_h=yes
ac_cv_header_stdc=yes
ac_cv_header_stdint_h=yes
ac_cv_header_stdlib_h=yes
ac_cv_header_string_h=yes
ac_cv_header_strings_h=yes
ac_cv_header_sys_ioctl_h=yes
ac_cv_header_sys_ipc_h=yes
ac_cv_header_sys_mman_h=yes
ac_cv_header_sys_param_h=yes
ac_cv_header_sys_shm_h=yes
ac_cv_header_sys_stat_h=yes
ac_cv_header_sys_time_h=yes
ac_cv_header_sys_times_h=yes
ac_cv_header_sys_types_h=yes
ac_cv_header_unistd_h=yes
ac_cv_host=i386-apple-darwin15.4.0
ac_cv_lib_dl_dlopen=yes
ac_cv_lib_jpeg_jpeg_read_header=yes
ac_cv_lib_pthread_pthread_create=yes
ac_cv_objext=o
ac_cv_path_EGREP='/usr/bin/grep -E'
ac_cv_path_FGREP='/usr/bin/grep -F'
ac_cv_path_GREP=/usr/bin/grep
ac_cv_path_SED=/usr/bin/sed
ac_cv_path_ac_pt_PKG_CONFIG=/usr/local/bin/pkg-config
ac_cv_path_install='/usr/local/bin/ginstall -c'
ac_cv_path_mkdir=/usr/local/bin/gmkdir
ac_cv_prog_AWK=awk
ac_cv_prog_CPP='gcc -E'
ac_cv_prog_CXXCPP='g++ -E'
ac_cv_prog_ac_ct_AR=ar
ac_cv_prog_ac_ct_CC=gcc
ac_cv_prog_ac_ct_CXX=g++
ac_cv_prog_ac_ct_DSYMUTIL=dsymutil
ac_cv_prog_ac_ct_LIPO=lipo
ac_cv_prog_ac_ct_NMEDIT=nmedit
ac_cv_prog_ac_ct_OTOOL=otool
ac_cv_prog_ac_ct_RANLIB=ranlib
ac_cv_prog_ac_ct_STRIP=strip
ac_cv_prog_cc_c89=
ac_cv_prog_cc_g=yes
ac_cv_prog_cc_gcc_c_o=yes
ac_cv_prog_cxx_g=yes
ac_cv_prog_make_make_set=yes
ac_cv_search_clock_gettime=no
ac_cv_type_uintptr_t=yes
acl_cv_hardcode_direct=no
acl_cv_hardcode_libdir_flag_spec=
acl_cv_hardcode_libdir_separator=
acl_cv_hardcode_minus_L=no
acl_cv_libext=a
acl_cv_libname_spec='lib$name'
acl_cv_library_names_spec='$libname$shrext'
acl_cv_path_LD=/Applications/Xcode.app/Contents/Developer/Toolchains/XcodeDefault.xctoolchain/usr/bin/ld
acl_cv_prog_gnu_ld=no
acl_cv_rpath=done
acl_cv_shlibext=dylib
acl_cv_wl=-Wl,
am_cv_CC_dependencies_compiler_type=none
am_cv_CXX_dependencies_compiler_type=none
am_cv_func_iconv=yes
am_cv_func_iconv_works=yes
am_cv_lib_iconv=yes
am_cv_proto_iconv='extern size_t iconv (iconv_t cd, char * *inbuf, size_t *inbytesleft, char * *outbuf, size_t *outbytesleft);'
am_cv_proto_iconv_arg1=
lt_cv_apple_cc_single_mod=yes
lt_cv_deplibs_check_method=pass_all
lt_cv_dlopen=dlopen
lt_cv_dlopen_libs=-ldl
lt_cv_dlopen_self=yes
lt_cv_dlopen_self_static=yes
lt_cv_file_magic_cmd='$MAGIC_CMD'
lt_cv_file_magic_test_file=
lt_cv_ld_exported_symbols_list=yes
lt_cv_ld_reload_flag=-r
lt_cv_nm_interface='BSD nm'
lt_cv_objdir=.libs
lt_cv_path_LD=/Applications/Xcode.app/Contents/Developer/Toolchains/XcodeDefault.xctoolchain/usr/bin/ld
lt_cv_path_LDCXX=/Applications/Xcode.app/Contents/Developer/Toolchains/XcodeDefault.xctoolchain/usr/bin/ld
lt_cv_path_NM='/usr/bin/nm -B'
lt_cv_prog_compiler_c_o=yes
lt_cv_prog_compiler_c_o_CXX=yes
lt_cv_prog_compiler_c_o_RC=yes
lt_cv_prog_compiler_pic_works=yes
lt_cv_prog_compiler_pic_works_CXX=yes
lt_cv_prog_compiler_rtti_exceptions=yes
lt_cv_prog_compiler_static_works=no
lt_cv_prog_compiler_static_works_CXX=no
lt_cv_prog_gnu_ld=no
lt_cv_prog_gnu_ldcxx=no
lt_cv_sys_global_symbol_pipe='sed -n -e '\''s/^.*[	 ]\([BCDEGRST][BCDEGRST]*\)[	 ][	 ]*_\([_A-Za-z][_A-Za-z0-9]*\)$/\1 _\2 \2/p'\'''
lt_cv_sys_global_symbol_to_c_name_address='sed -n -e '\''s/^: \([^ ]*\) $/  {\"\1\", (void *) 0},/p'\'' -e '\''s/^[BCDEGRST]* \([^ ]*\) \([^ ]*\)$/  {"\2", (void *) \&\2},/p'\'''
lt_cv_sys_global_symbol_to_c_name_address_lib_prefix='sed -n -e '\''s/^: \([^ ]*\) $/  {\"\1\", (void *) 0},/p'\'' -e '\''s/^[BCDEGRST]* \([^ ]*\) \(lib[^ ]*\)$/  {"\2", (void *) \&\2},/p'\'' -e '\''s/^[BCDEGRST]* \([^ ]*\) \([^ ]*\)$/  {"lib\2", (void *) \&\2},/p'\'''
lt_cv_sys_global_symbol_to_cdecl='sed -n -e '\''s/^T .* \(.*\)$/extern int \1();/p'\'' -e '\''s/^[BCDEGRST]* .* \(.*\)$/extern char \1;/p'\'''
lt_cv_sys_max_cmd_len=196608

## ----------------- ##
## Output variables. ##
## ----------------- ##

ACLOCAL='${SHELL} /Users/gdb/openai/fastzbarlight/src/fastzbarlight/vendor/zbar-0.10/config/missing --run aclocal-1.10'
AMDEPBACKSLASH=''
AMDEP_FALSE=''
AMDEP_TRUE='#'
AMTAR='${SHELL} /Users/gdb/openai/fastzbarlight/src/fastzbarlight/vendor/zbar-0.10/config/missing --run tar'
AR='ar'
AS='as'
AUTOCONF='${SHELL} /Users/gdb/openai/fastzbarlight/src/fastzbarlight/vendor/zbar-0.10/config/missing --run autoconf'
AUTOHEADER='${SHELL} /Users/gdb/openai/fastzbarlight/src/fastzbarlight/vendor/zbar-0.10/config/missing --run autoheader'
AUTOMAKE='${SHELL} /Users/gdb/openai/fastzbarlight/src/fastzbarlight/vendor/zbar-0.10/config/missing --run automake-1.10'
AWK='awk'
CC='gcc'
CCDEPMODE='depmode=none'
CFLAGS='-Wall -Wno-parentheses -D_FORTIFY_SOURCE=0 -O3 -fPIC'
CPP='gcc -E'
CPPFLAGS=''
CXX='g++'
CXXCPP='g++ -E'
CXXDEPMODE='depmode=none'
CXXFLAGS='-g -O2'
CYGPATH_W='echo'
DEFS='-DHAVE_CONFIG_H'
DEPDIR='.deps'
DLLTOOL='dlltool'
DSYMUTIL='dsymutil'
DUMPBIN=''
ECHO_C='\c'
ECHO_N=''
ECHO_T=''
EGREP='/usr/bin/grep -E'
ENABLE_CODE128_FALSE='#'
ENABLE_CODE128_TRUE=''
ENABLE_CODE39_FALSE='#'
ENABLE_CODE39_TRUE=''
ENABLE_EAN_FALSE='#'
ENABLE_EAN_TRUE=''
ENABLE_I25_FALSE='#'
ENABLE_I25_TRUE=''
ENABLE_PDF417_FALSE=''
ENABLE_PDF417_TRUE='#'
ENABLE_QRCODE_FALSE='#'
ENABLE_QRCODE_TRUE=''
EXEEXT=''
FGREP='/usr/bin/grep -F'
GLIB_GENMARSHAL=''
GREP='/usr/bin/grep'
GTK_CFLAGS=''
GTK_LIBS=''
HAVE_GTK_FALSE=''
HAVE_GTK_TRUE='#'
HAVE_JPEG_FALSE='#'
HAVE_JPEG_TRUE=''
HAVE_MAGICK_FALSE=''
HAVE_MAGICK_TRUE='#'
HAVE_NPAPI_FALSE=''
HAVE_NPAPI_TRUE='#'
HAVE_POLL_FALSE='#'
HAVE_POLL_TRUE=''
HAVE_PYTHON_FALSE=''
HAVE_PYTHON_TRUE='#'
HAVE_QT_FALSE=''
HAVE_QT_TRUE='#'
HAVE_V4L1_FALSE=''
HAVE_V4L1_TRUE='#'
HAVE_V4L2_FALSE=''
HAVE_V4L2_TRUE='#'
HAVE_VIDEO_FALSE=''
HAVE_VIDEO_TRUE='#'
HAVE_XSHM_FALSE=''
HAVE_XSHM_TRUE='#'
HAVE_XV_FALSE=''
HAVE_XV_TRUE='#'
HAVE_X_FALSE=''
HAVE_X_TRUE='#'
INSTALL_DATA='${INSTALL} -m 644'
INSTALL_PROGRAM='${INSTALL}'
INSTALL_SCRIPT='${INSTALL}'
INSTALL_STRIP_PROGRAM='$(install_sh) -c -s'
LD='/Applications/Xcode.app/Contents/Developer/Toolchains/XcodeDefault.xctoolchain/usr/bin/ld'
LDFLAGS=''
LIBICONV='-liconv'
LIBOBJS=''
LIBS='-ljpeg -lpthread '
LIBTOOL='$(SHELL) $(top_builddir)/libtool'
LIB_VERSION='2:0:2'
LIPO='lipo'
LN_S='ln -s'
LTLIBICONV='-liconv'
LTLIBOBJS=''
MAGICK_CFLAGS=''
MAGICK_LIBS=''
MAKEINFO='${SHELL} /Users/gdb/openai/fastzbarlight/src/fastzbarlight/vendor/zbar-0.10/config/missing --run makeinfo'
MKDIR_P='/usr/local/bin/gmkdir -p'
MOC=''
NM='/usr/bin/nm -B'
NMEDIT='nmedit'
NPAPI_CFLAGS=''
NPAPI_LIBS=''
OBJDUMP='false'
OBJEXT='o'
OTOOL64=':'
OTOOL='otool'
PACKAGE='zbar'
PACKAGE_BUGREPORT='spadix@users.sourceforge.net'
PACKAGE_NAME='zbar'
PACKAGE_STRING='zbar 0.10'
PACKAGE_TARNAME='zbar'
PACKAGE_URL=''
PACKAGE_VERSION='0.10'
PATH_SEPARATOR=':'
PKG_CONFIG='/usr/local/bin/pkg-config'
PYGTK_CFLAGS=''
PYGTK_CODEGEN=''
PYGTK_DEFS=''
PYGTK_H2DEF=''
PYGTK_LIBS=''
PYTHON=''
PYTHON_CFLAGS=''
PYTHON_CONFIG=''
PYTHON_EXEC_PREFIX=''
PYTHON_LIBS=''
PYTHON_PLATFORM=''
PYTHON_PREFIX=''
PYTHON_VERSION=''
QT_CFLAGS=''
QT_LIBS=''
RANLIB='ranlib'
RC=''
RELDATE='2009-10-23'
SED='/usr/bin/sed'
SET_MAKE=''
SHELL='/bin/sh'
STRIP='strip'
VERSION='0.10'
WIN32_FALSE=''
WIN32_TRUE='#'
XMKMF=''
XMLTO=':'
XMLTOFLAGS=''
XSHM_LIBS='-lXext'
XV_LIBS='-lXv'
X_CFLAGS=''
X_EXTRA_LIBS=''
X_LIBS=''
X_PRE_LIBS=''
ZGTK_LIB_VERSION='0:2:0'
ZQT_LIB_VERSION='0:2:0'
ac_ct_CC='gcc'
ac_ct_CXX='g++'
ac_ct_DUMPBIN=''
am__fastdepCC_FALSE=''
am__fastdepCC_TRUE='#'
am__fastdepCXX_FALSE=''
am__fastdepCXX_TRUE='#'
am__include='include'
am__isrc=''
am__leading_dot='.'
am__quote=''
am__tar='${AMTAR} chof - "$$tardir"'
am__untar='${AMTAR} xf -'
bindir='${exec_prefix}/bin'
build='i386-apple-darwin15.4.0'
build_alias=''
build_cpu='i386'
build_os='darwin15.4.0'
build_vendor='apple'
datadir='${datarootdir}'
datarootdir='${prefix}/share'
docdir='${datarootdir}/doc/${PACKAGE_TARNAME}'
dvidir='${docdir}'
exec_prefix='${prefix}'
host='i386-apple-darwin15.4.0'
host_alias=''
host_cpu='i386'
host_os='darwin15.4.0'
host_vendor='apple'
htmldir='${docdir}'
includedir='${prefix}/include'
infodir='${datarootdir}/info'
install_sh='$(SHELL) /Users/gdb/openai/fastzbarlight/src/fastzbarlight/vendor/zbar-0.10/config/install-sh'
libdir='${exec_prefix}/lib'
libexecdir='${exec_prefix}/libexec'
localedir='${datarootdir}/locale'
localstatedir='${prefix}/var'
lt_ECHO='/bin/echo'
mandir='${datarootdir}/man'
mkdir_p='/usr/local/bin/gmkdir -p'
oldincludedir='/usr/include'
pdfdir='${docdir}'
pkgpyexecdir=''
pkgpythondir=''
prefix='/usr/local'
program_transform_name='s,x,x,'
psdir='${docdir}'
pyexecdir=''
pythondir=''
sbindir='${exec_prefix}/sbin'
sharedstatedir='${prefix}/com'
sysconfdir='${prefix}/etc'
target_alias=''

## ----------- ##
## confdefs.h. ##
## ----------- ##

/* confdefs.h */
#define PACKAGE_NAME "zbar"
#define PACKAGE_TARNAME "zbar"
#define PACKAGE_VERSION "0.10"
#define PACKAGE_STRING "zbar 0.10"
#define PACKAGE_BUGREPORT "spadix@users.sourceforge.net"
#define PACKAGE_URL ""
#define PACKAGE "zbar"
#define VERSION "0.10"
#define STDC_HEADERS 1
#define HAVE_SYS_TYPES_H 1
#define HAVE_SYS_STAT_H 1
#define HAVE_STDLIB_H 1
#define HAVE_STRING_H 1
#define HAVE_MEMORY_H 1
#define HAVE_STRINGS_H 1
#define HAVE_INTTYPES_H 1
#define HAVE_STDINT_H 1
#define HAVE_UNISTD_H 1
#define HAVE_DLFCN_H 1
#define LT_OBJDIR ".libs/"
#define ZBAR_VERSION_MAJOR 0
#define ZBAR_VERSION_MINOR 10
#define LIB_VERSION_MAJOR 0
#define LIB_VERSION_MINOR 2
#define LIB_VERSION_REVISION 0
#define ENABLE_EAN 1
#define ENABLE_CODE128 1
#define ENABLE_CODE39 1
#define ENABLE_I25 1
#define ENABLE_QRCODE 1
#define HAVE_ICONV 1
#define ICONV_CONST 
#define HAVE_POLL_H 1
#define HAVE_PTHREAD_H 1
#define HAVE_LIBPTHREAD 1
#define __USE_UNIX98 1
#define X_DISPLAY_MISSING 1
#define HAVE_JPEGLIB_H 1
#define HAVE_LIBJPEG 1
#define HAVE_FCNTL_H 1
#define HAVE_INTTYPES_H 1
#define HAVE_STDLIB_H 1
#define HAVE_STRING_H 1
#define HAVE_UNISTD_H 1
#define HAVE_SYS_IOCTL_H 1
#define HAVE_SYS_TIME_H 1
#define HAVE_SYS_TIMES_H 1
#define HAVE_SYS_IPC_H 1
#define HAVE_SYS_SHM_H 1
#define HAVE_SYS_MMAN_H 1
#define HAVE_UINTPTR_T 1
#define HAVE_STDLIB_H 1
#define HAVE_UNISTD_H 1
#define HAVE_SYS_PARAM_H 1
#define HAVE_GETPAGESIZE 1
#define HAVE_MMAP 1
#define HAVE_MEMSET 1
#define HAVE_ATEXIT 1
#define HAVE_SETENV 1

configure: exit 0

## ---------------------- ##
## Running config.status. ##
## ---------------------- ##

This file was extended by zbar config.status 0.10, which was
generated by GNU Autoconf 2.69.  Invocation command line was

  CONFIG_FILES    = 
  CONFIG_HEADERS  = 
  CONFIG_LINKS    = 
  CONFIG_COMMANDS = 
  $ ./config.status 

on fountain

config.status:1302: creating Makefile
config.status:1302: creating zbar.pc
config.status:1302: creating zbar-gtk.pc
config.status:1302: creating zbar-qt.pc
config.status:1302: creating doc/doxygen.conf
config.status:1302: creating include/config.h
config.status:1483: include/config.h is unchanged
config.status:1531: executing depfiles commands
config.status:1531: executing libtool commands
config.status:1531: executing doc/version.xml commands
config.status:1531: executing doc/reldate.xml commands
